<?xml version="1.0" encoding="UTF-8"?>
<testng-results ignored="0" total="1" passed="1" failed="0" skipped="0">
  <reporter-output>
  </reporter-output>
  <suite started-at="2019-03-06T18:02:43Z" name="Default suite" finished-at="2019-03-06T18:02:44Z" duration-ms="1303">
    <groups>
    </groups>
    <test started-at="2019-03-06T18:02:43Z" name="Default test" finished-at="2019-03-06T18:02:44Z" duration-ms="1303">
      <class name="com.qa.rest.tests.GetCallBDD">
        <test-method signature="test_numberOfCircuitsFor2017_Season()[pri:0, instance:com.qa.rest.tests.GetCallBDD@4e08711f]" started-at="2019-03-06T18:02:43Z" name="test_numberOfCircuitsFor2017_Season" finished-at="2019-03-06T18:02:44Z" duration-ms="1288" status="PASS">
          <reporter-output>
          </reporter-output>
        </test-method> <!-- test_numberOfCircuitsFor2017_Season -->
      </class> <!-- com.qa.rest.tests.GetCallBDD -->
    </test> <!-- Default test -->
  </suite> <!-- Default suite -->
</testng-results>
